android/build/outputs/logs/manifest-merger-debug-report.txt
-- Merging decision tree log ---
manifest
ADDED from Coffee Run/android/AndroidManifest.xml:2:1-27:12
	package
		ADDED from Coffee Run/android/AndroidManifest.xml:3:5-38
		INJECTED from Coffee Run/android/AndroidManifest.xml
		INJECTED from Coffee Run/android/AndroidManifest.xml
	android:versionName
		ADDED from Coffee Run/android/AndroidManifest.xml:5:5-30
		INJECTED from Coffee Run/android/AndroidManifest.xml
		INJECTED from Coffee Run/android/AndroidManifest.xml
	android:versionCode
		ADDED from Coffee Run/android/AndroidManifest.xml:4:5-28
		INJECTED from Coffee Run/android/AndroidManifest.xml
		INJECTED from Coffee Run/android/AndroidManifest.xml
	xmlns:android
		ADDED from Coffee Run/android/AndroidManifest.xml:2:11-69
uses-permission#android.permission.WRITE_EXTERNAL_STORAGE
ADDED from Coffee Run/android/AndroidManifest.xml:6:5-81
	android:name
		ADDED from Coffee Run/android/AndroidManifest.xml:6:22-78
uses-sdk
ADDED from Coffee Run/android/AndroidManifest.xml:8:5-73
	android:targetSdkVersion
		ADDED from Coffee Run/android/AndroidManifest.xml:8:41-70
		INJECTED from Coffee Run/android/AndroidManifest.xml
		INJECTED from Coffee Run/android/AndroidManifest.xml
	android:minSdkVersion
		ADDED from Coffee Run/android/AndroidManifest.xml:8:15-40
		INJECTED from Coffee Run/android/AndroidManifest.xml
		INJECTED from Coffee Run/android/AndroidManifest.xml
application
ADDED from Coffee Run/android/AndroidManifest.xml:10:5-25:19
	android:label
		ADDED from Coffee Run/android/AndroidManifest.xml:13:9-41
	android:allowBackup
		ADDED from Coffee Run/android/AndroidManifest.xml:11:9-35
	android:icon
		ADDED from Coffee Run/android/AndroidManifest.xml:12:9-43
	android:theme
		ADDED from Coffee Run/android/AndroidManifest.xml:14:9-40
activity#com.mikereese.coffeerun.AndroidLauncher
ADDED from Coffee Run/android/AndroidManifest.xml:15:9-24:20
	android:screenOrientation
		ADDED from Coffee Run/android/AndroidManifest.xml:18:13-49
	android:label
		ADDED from Coffee Run/android/AndroidManifest.xml:17:13-45
	android:configChanges
		ADDED from Coffee Run/android/AndroidManifest.xml:19:13-83
	android:name
		ADDED from Coffee Run/android/AndroidManifest.xml:16:13-67
intent-filter#android.intent.action.MAIN+android.intent.category.LAUNCHER
ADDED from Coffee Run/android/AndroidManifest.xml:20:13-23:29
action#android.intent.action.MAIN
ADDED from Coffee Run/android/AndroidManifest.xml:21:17-69
	android:name
		ADDED from Coffee Run/android/AndroidManifest.xml:21:25-66
category#android.intent.category.LAUNCHER
ADDED from Coffee Run/android/AndroidManifest.xml:22:17-77
	android:name
		ADDED from Coffee Run/android/AndroidManifest.xml:22:27-74